C51 COMPILER V9.52.0.0   SERIAL                                                            04/23/2017 20:21:42 PAGE 1   


C51 COMPILER V9.52.0.0, COMPILATION OF MODULE SERIAL
OBJECT MODULE PLACED IN Serial.OBJ
COMPILER INVOKED BY: D:\Program Files (x86)\keil\C51\BIN\C51.EXE Serial.c COMPACT BROWSE MODP2 DEBUG OBJECTEXTEND TABS(2
                    -)

line level    source

   1          #include <Serial.h>
   2          unsigned char ReceiveBufferCount = 0;
   3          unsigned char SerialThreadId;
   4          unsigned char BusyFlag = 0;
   5          void InitSerial(void(*CallBack)(char*)){    //115200bps@11.0592MHz
   6   1        SCON = 0x50;    //8位数据,可变波特率
   7   1        AUXR |= 0x01;   //串口1选择定时器2为波特率发生器
   8   1        AUXR |= 0x04;   //定时器2时钟为Fosc,即1T
   9   1        P_SW1 &=0x3F;   //默认位置
  10   1        T2L = 0xE8;   //设定定时初值
  11   1        T2H = 0xFF;   //设定定时初值
  12   1        AUXR |= 0x10;   //启动定时器2
  13   1        ES=1;//使能串口中断
  14   1        SerialReceiveCallBack = CallBack;
  15   1      }
  16          void SerialInterruptProcesser() interrupt 4 {
  17   1        unsigned char temp;
  18   1        if(RI){//接收中断
  19   2          ReceiveBuffer[ReceiveBufferCount] = SBUF;//存入缓冲区
  20   2          if(ReceiveBuffer[ReceiveBufferCount] == '\0' || ReceiveBufferCount == 62){//缓冲区溢出或者收到结束标志
  21   3            ReceiveBuffer[63]='\0';
  22   3            ReceiveBufferCount = 0;//计数置0
  23   3            RI = 0;
  24   3            isr_set_ready(SerialThreadId);
  25   3          }
  26   2          RI = 0;
  27   2        }
  28   1        if(TI){//发送完毕中断
  29   2          TI=0;
  30   2          isr_set_ready(SerialThreadId);
  31   2        }
  32   1      }
*** WARNING C280 IN LINE 17 OF Serial.c: 'temp': unreferenced local variable
  33          void SerialWrite(char *String){
  34   1        int i;
  35   1        while(BusyFlag);// Wait until BUSYFLG=0
  36   1        BusyFlag = 1;//SetBusy
  37   1        SerialThreadId = os_running_task_id();
  38   1        for(i = 0; i < 64 && String[i] != '\0'; i++){
  39   2          SBUF=String[i];
  40   2          os_wait (K_SIG,1,0);            /* wait SIG            */
  41   2        }
  42   1        BusyFlag = 0;
  43   1      }


MODULE INFORMATION:   STATIC OVERLAYABLE
   CODE SIZE        =    257    ----
   CONSTANT SIZE    =   ----    ----
   XDATA SIZE       =   ----    ----
   PDATA SIZE       =     70       6
   DATA SIZE        =   ----    ----
   IDATA SIZE       =   ----    ----
   BIT SIZE         =   ----    ----
C51 COMPILER V9.52.0.0   SERIAL                                                            04/23/2017 20:21:42 PAGE 2   

END OF MODULE INFORMATION.


C51 COMPILATION COMPLETE.  1 WARNING(S),  0 ERROR(S)
