C51 COMPILER V9.52.0.0   SYSTEM                                                            05/05/2017 21:14:14 PAGE 1   


C51 COMPILER V9.52.0.0, COMPILATION OF MODULE SYSTEM
OBJECT MODULE PLACED IN System.OBJ
COMPILER INVOKED BY: D:\Program Files (x86)\keil\C51\BIN\C51.EXE System.c COMPACT ROM(COMPACT) BROWSE MODP2 DEBUG OBJECT
                    -EXTEND TABS(2)

line level    source

   1          #include <System.h>
   2          
   3          void rectest(char * Call){
   4   1        P27=~P27;
   5   1      }
*** WARNING C280 IN LINE 3 OF System.c: 'Call': unreferenced local variable
   6          SystemServices () _task_ 0  {     
   7   1        P1M0 = 0x00;
   8   1        P1M1 = 0x00;
   9   1        P2M0 = 0x00;
  10   1        P2M1 = 0x00;     
  11   1        P3M0 = 0x00;
  12   1        P3M1 = 0x00;
  13   1        //InitSerial(&rectest);
  14   1        InitilizePwm();
  15   1        InitilizeADC();
  16   1        //os_create_task (1);                 /* start task 1                         */
  17   1        //os_create_task (2);                 /* start task 2                         */
  18   1        os_create_task (1);                 /* start task 3                         */
  19   1      
  20   1        while (1)  {                        /* endless loop                         */
  21   2          os_wait (K_SIG,1,0);            /* wait SIG            */
  22   2          SerialReceiveCallBack(ReceiveBuffer);
  23   2        }
  24   1      }


MODULE INFORMATION:   STATIC OVERLAYABLE
   CODE SIZE        =     73    ----
   CONSTANT SIZE    =   ----    ----
   XDATA SIZE       =   ----    ----
   PDATA SIZE       =     67       3
   DATA SIZE        =   ----    ----
   IDATA SIZE       =   ----    ----
   BIT SIZE         =   ----    ----
END OF MODULE INFORMATION.


C51 COMPILATION COMPLETE.  1 WARNING(S),  0 ERROR(S)
